--------- beginning of main
02-16 21:57:37.733  7112  7112 I eira.servicoapp: Using CollectorTypeCMC GC.
02-16 21:57:37.734  7112  7112 W eira.servicoapp: Unexpected CPU variant for x86: x86_64.
02-16 21:57:37.734  7112  7112 W eira.servicoapp: Known variants: atom, sandybridge, silvermont, goldmont, goldmont-plus, goldmont-without-sha-xsaves, tremont, kabylake, alderlake, default
02-16 21:57:37.736  7112  7112 E eira.servicoapp: Not starting debugger since process cannot load the jdwp agent.
02-16 21:57:37.738  7112  7112 D nativeloader: Load libframework-connectivity-tiramisu-jni.so using APEX ns com_android_tethering for caller /apex/com.android.tethering/javalib/framework-connectivity-t.jar: ok
--------- beginning of system
02-16 21:57:37.747  7112  7112 W ActivityThread: Package uses different ABI(s) than its instrumentation: package[com.danylo.oliveira.servicoapp]: x86_64, null instrumentation[com.danylo.oliveira.servicoapp.test]: null, null
02-16 21:57:37.747  7112  7112 D ApplicationLoaders: Returning zygote-cached class loader: /system/framework/org.apache.http.legacy.jar
02-16 21:57:37.748  7112  7112 W eira.servicoapp: ClassLoaderContext shared library size mismatch. Expected=2, found=1 (PCL[]{PCL[/system/framework/android.test.base.jar*2789897741]#PCL[/system/framework/android.test.mock.jar*3361312393]} | PCL[]{PCL[/system/framework/org.apache.http.legacy.jar*4247870504]})
02-16 21:57:37.749  7112  7112 W eira.servicoapp: ClassLoaderContext classpath size mismatch. expected=0, found=1 (PCL[] | PCL[/system/framework/android.test.runner.jar*895143020]{PCL[/system/framework/org.apache.http.legacy.jar*4247870504]})
02-16 21:57:37.749  7112  7112 W eira.servicoapp: ClassLoaderContext classpath size mismatch. expected=0, found=2 (PCL[] | PCL[/system/framework/android.test.runner.jar*895143020:/system/framework/android.test.mock.jar*3361312393]{PCL[/system/framework/org.apache.http.legacy.jar*4247870504]})
02-16 21:57:37.750  7112  7112 W eira.servicoapp: ClassLoaderContext classpath size mismatch. expected=0, found=3 (PCL[]{PCL[/system/framework/android.test.base.jar*2789897741]#PCL[/system/framework/android.test.mock.jar*3361312393]#PCL[/system/framework/android.test.runner.jar*895143020]{PCL[/system/framework/android.test.base.jar*2789897741]#PCL[/system/framework/android.test.mock.jar*3361312393]}} | PCL[/system/framework/android.test.runner.jar*895143020:/system/framework/android.test.mock.jar*3361312393:/system/framework/android.test.base.jar*2789897741]{PCL[/system/framework/org.apache.http.legacy.jar*4247870504]})
02-16 21:57:37.751  7112  7112 W eira.servicoapp: ClassLoaderContext classpath size mismatch. expected=0, found=4 (PCL[]{PCL[/system/framework/org.apache.http.legacy.jar*4247870504]} | PCL[/system/framework/android.test.runner.jar*895143020:/system/framework/android.test.mock.jar*3361312393:/system/framework/android.test.base.jar*2789897741:/data/app/~~7_2zuZguk080tBCHebL1_g==/com.danylo.oliveira.servicoapp.test-l7OMI1tt7hYKUe5lp-9a1A==/base.apk*1358421426]{PCL[/system/framework/org.apache.http.legacy.jar*4247870504]})
02-16 21:57:37.752  7112  7112 D nativeloader: Configuring clns-9 for other apk /system/framework/android.test.runner.jar:/system/framework/android.test.mock.jar:/system/framework/android.test.base.jar:/data/app/~~7_2zuZguk080tBCHebL1_g==/com.danylo.oliveira.servicoapp.test-l7OMI1tt7hYKUe5lp-9a1A==/base.apk:/data/app/~~3RNUaFRRGM0kQcKevq9F9A==/com.danylo.oliveira.servicoapp-QG7ZFAce5KhvY8axv4EgyQ==/base.apk. target_sdk_version=36, uses_libraries=, library_path=/data/app/~~7_2zuZguk080tBCHebL1_g==/com.danylo.oliveira.servicoapp.test-l7OMI1tt7hYKUe5lp-9a1A==/lib/x86_64:/data/app/~~3RNUaFRRGM0kQcKevq9F9A==/com.danylo.oliveira.servicoapp-QG7ZFAce5KhvY8axv4EgyQ==/lib/x86_64:/data/app/~~7_2zuZguk080tBCHebL1_g==/com.danylo.oliveira.servicoapp.test-l7OMI1tt7hYKUe5lp-9a1A==/base.apk!/lib/x86_64:/data/app/~~3RNUaFRRGM0kQcKevq9F9A==/com.danylo.oliveira.servicoapp-QG7ZFAce5KhvY8axv4EgyQ==/base.apk!/lib/x86_64, permitted_path=/data:/mnt/expand:/data/user/0/com.danylo.oliveira.servicoapp
02-16 21:57:37.753  7112  7112 I eira.servicoapp: AssetManager2(0x79ff5be292f8) locale list changing from [] to [en-US]
02-16 21:57:37.755  7112  7112 V GraphicsEnvironment: Currently set values for:
02-16 21:57:37.755  7112  7112 V GraphicsEnvironment:   angle_gl_driver_selection_pkgs=[]
02-16 21:57:37.755  7112  7112 V GraphicsEnvironment:   angle_gl_driver_selection_values=[]
02-16 21:57:37.755  7112  7112 V GraphicsEnvironment: com.danylo.oliveira.servicoapp is not listed in per-application setting
02-16 21:57:37.755  7112  7112 V GraphicsEnvironment: ANGLE allowlist from config: com.dreamgames.royalmatch com.dts.freefiremax com.dxx.firenow com.gramgames.mergedragons com.ludo.king com.mojang.minecraftpe com.my.defense com.nintendo.zaka com.os.airforce com.playrix.fishdomdd.gplay io.teslatech.callbreak jp.konami.prospia net.peakgames.toonblast
02-16 21:57:37.755  7112  7112 V GraphicsEnvironment: com.danylo.oliveira.servicoapp is not listed in ANGLE allowlist or settings, returning default
02-16 21:57:37.755  7112  7112 V GraphicsEnvironment: Neither updatable production driver nor prerelease driver is supported.
02-16 21:57:37.757  7112  7112 D ApplicationLoaders: Returning zygote-cached class loader: /system/framework/android.test.base.jar
02-16 21:57:37.757  7112  7112 D nativeloader: Configuring clns-10 for other apk /system/framework/android.test.mock.jar. target_sdk_version=36, uses_libraries=ALL, library_path=/data/app/~~7_2zuZguk080tBCHebL1_g==/com.danylo.oliveira.servicoapp.test-l7OMI1tt7hYKUe5lp-9a1A==/lib/x86_64:/data/app/~~3RNUaFRRGM0kQcKevq9F9A==/com.danylo.oliveira.servicoapp-QG7ZFAce5KhvY8axv4EgyQ==/lib/x86_64, permitted_path=/data:/mnt/expand
02-16 21:57:37.758  7112  7112 D ApplicationLoaders: Returning zygote-cached class loader: /system/framework/android.test.base.jar
02-16 21:57:37.758  7112  7112 D nativeloader: Configuring clns-11 for other apk /system/framework/android.test.runner.jar. target_sdk_version=36, uses_libraries=ALL, library_path=/data/app/~~7_2zuZguk080tBCHebL1_g==/com.danylo.oliveira.servicoapp.test-l7OMI1tt7hYKUe5lp-9a1A==/lib/x86_64:/data/app/~~3RNUaFRRGM0kQcKevq9F9A==/com.danylo.oliveira.servicoapp-QG7ZFAce5KhvY8axv4EgyQ==/lib/x86_64, permitted_path=/data:/mnt/expand
02-16 21:57:37.759  7112  7112 W eira.servicoapp: ClassLoaderContext shared library size mismatch. Expected=2, found=3 (PCL[]{PCL[/system/framework/android.test.base.jar*2789897741]#PCL[/system/framework/android.test.mock.jar*3361312393]} | PCL[]{PCL[/system/framework/android.test.base.jar*2789897741]#PCL[/system/framework/android.test.mock.jar*3361312393]#PCL[/system/framework/android.test.runner.jar*895143020]{PCL[/system/framework/android.test.base.jar*2789897741]#PCL[/system/framework/android.test.mock.jar*3361312393]}};PCL[/system/framework/android.test.runner.jar*895143020:/system/framework/android.test.mock.jar*3361312393:/system/framework/android.test.base.jar*2789897741:/data/app/~~7_2zuZguk080tBCHebL1_g==/com.danylo.oliveira.servicoapp.test-l7OMI1tt7hYKUe5lp-9a1A==/base.apk*1358421426:/data/app/~~3RNUaFRRGM0kQcKevq9F9A==/com.danylo.oliveira.servicoapp-QG7ZFAce5KhvY8axv4EgyQ==/base.apk*867587994]{PCL[/system/framework/org.apache.http.legacy.jar*4247870504]})
02-16 21:57:37.760  7112  7112 W eira.servicoapp: ClassLoaderContext classpath size mismatch. expected=0, found=1 (PCL[] | PCL[/system/framework/android.test.runner.jar*895143020]{PCL[/system/framework/android.test.base.jar*2789897741]#PCL[/system/framework/android.test.mock.jar*3361312393]#PCL[/system/framework/android.test.runner.jar*895143020]{PCL[/system/framework/android.test.base.jar*2789897741]#PCL[/system/framework/android.test.mock.jar*3361312393]}};PCL[/system/framework/android.test.runner.jar*895143020:/system/framework/android.test.mock.jar*3361312393:/system/framework/android.test.base.jar*2789897741:/data/app/~~7_2zuZguk080tBCHebL1_g==/com.danylo.oliveira.servicoapp.test-l7OMI1tt7hYKUe5lp-9a1A==/base.apk*1358421426:/data/app/~~3RNUaFRRGM0kQcKevq9F9A==/com.danylo.oliveira.servicoapp-QG7ZFAce5KhvY8axv4EgyQ==/base.apk*867587994]{PCL[/system/framework/org.apache.http.legacy.jar*4247870504]})
02-16 21:57:37.760  7112  7112 W eira.servicoapp: ClassLoaderContext classpath size mismatch. expected=0, found=2 (PCL[] | PCL[/system/framework/android.test.runner.jar*895143020:/system/framework/android.test.mock.jar*3361312393]{PCL[/system/framework/android.test.base.jar*2789897741]#PCL[/system/framework/android.test.mock.jar*3361312393]#PCL[/system/framework/android.test.runner.jar*895143020]{PCL[/system/framework/android.test.base.jar*2789897741]#PCL[/system/framework/android.test.mock.jar*3361312393]}};PCL[/system/framework/android.test.runner.jar*895143020:/system/framework/android.test.mock.jar*3361312393:/system/framework/android.test.base.jar*2789897741:/data/app/~~7_2zuZguk080tBCHebL1_g==/com.danylo.oliveira.servicoapp.test-l7OMI1tt7hYKUe5lp-9a1A==/base.apk*1358421426:/data/app/~~3RNUaFRRGM0kQcKevq9F9A==/com.danylo.oliveira.servicoapp-QG7ZFAce5KhvY8axv4EgyQ==/base.apk*867587994]{PCL[/system/framework/org.apache.http.legacy.jar*4247870504]})
02-16 21:57:37.761  7112  7112 W eira.servicoapp: ClassLoaderContext classpath size mismatch. expected=0, found=3 (PCL[]{PCL[/system/framework/android.test.base.jar*2789897741]#PCL[/system/framework/android.test.mock.jar*3361312393]#PCL[/system/framework/android.test.runner.jar*895143020]{PCL[/system/framework/android.test.base.jar*2789897741]#PCL[/system/framework/android.test.mock.jar*3361312393]}} | PCL[/system/framework/android.test.runner.jar*895143020:/system/framework/android.test.mock.jar*3361312393:/system/framework/android.test.base.jar*2789897741]{PCL[/system/framework/android.test.base.jar*2789897741]#PCL[/system/framework/android.test.mock.jar*3361312393]#PCL[/system/framework/android.test.runner.jar*895143020]{PCL[/system/framework/android.test.base.jar*2789897741]#PCL[/system/framework/android.test.mock.jar*3361312393]}};PCL[/system/framework/android.test.runner.jar*895143020:/system/framework/android.test.mock.jar*3361312393:/system/framework/android.test.base.jar*2789897741:/data/app/~~7_2zuZguk080tBCHebL1_g==/com.danylo.oliveira.servicoapp.test-l7OMI1tt7hYKUe5lp-9a1A==/base.apk*1358421426:/data/app/~~3RNUaFRRGM0kQcKevq9F9A==/com.danylo.oliveira.servicoapp-QG7ZFAce5KhvY8axv4EgyQ==/base.apk*867587994]{PCL[/system/framework/org.apache.http.legacy.jar*4247870504]})
02-16 21:57:37.762  7112  7112 W eira.servicoapp: ClassLoaderContext classpath size mismatch. expected=0, found=4 (PCL[]{PCL[/system/framework/org.apache.http.legacy.jar*4247870504]} | PCL[/system/framework/android.test.runner.jar*895143020:/system/framework/android.test.mock.jar*3361312393:/system/framework/android.test.base.jar*2789897741:/data/app/~~7_2zuZguk080tBCHebL1_g==/com.danylo.oliveira.servicoapp.test-l7OMI1tt7hYKUe5lp-9a1A==/base.apk*1358421426]{PCL[/system/framework/android.test.base.jar*2789897741]#PCL[/system/framework/android.test.mock.jar*3361312393]#PCL[/system/framework/android.test.runner.jar*895143020]{PCL[/system/framework/android.test.base.jar*2789897741]#PCL[/system/framework/android.test.mock.jar*3361312393]}};PCL[/system/framework/android.test.runner.jar*895143020:/system/framework/android.test.mock.jar*3361312393:/system/framework/android.test.base.jar*2789897741:/data/app/~~7_2zuZguk080tBCHebL1_g==/com.danylo.oliveira.servicoapp.test-l7OMI1tt7hYKUe5lp-9a1A==/base.apk*1358421426:/data/app/~~3RNUaFRRGM0kQcKevq9F9A==/com.danylo.oliveira.servicoapp-QG7ZFAce5KhvY8axv4EgyQ==/base.apk*867587994]{PCL[/system/framework/org.apache.http.legacy.jar*4247870504]})
02-16 21:57:37.762  7112  7112 I eira.servicoapp: AssetManager2(0x79ff5be2a8d8) locale list changing from [] to [en-US]
02-16 21:57:37.765  7112  7112 I AndroidJUnitRunner: newApplication com.danylo.oliveira.servicoapp.MainApplication
02-16 21:57:37.791  7112  7112 W FirebaseApp: Default FirebaseApp failed to initialize because no default options were found. This usually means that com.google.gms:google-services was not applied to your gradle project.
02-16 21:57:37.791  7112  7112 I FirebaseInitProvider: FirebaseApp initialization unsuccessful
02-16 21:57:37.792  7112  7112 D WM-WrkMgrInitializer: Initializing WorkManager with default configuration.
02-16 21:57:37.806  7112  7124 E ashmem  : Pinning is deprecated since Android Q. Please use trim or other methods.
02-16 21:57:37.812  7112  7112 I AndroidJUnitRunner: onCreate Bundle[mParcelledData.dataSize=240]
02-16 21:57:37.813  7112  7112 D AndroidJUnitRunner: Use the raw file system for managing file I/O.
02-16 21:57:37.819  7112  7112 V TestEventClient: No service name argument was given (testDiscoveryService, testRunEventService or orchestratorService)
02-16 21:57:37.820  7112  7125 D AndroidJUnitRunner: onStart is called.
02-16 21:57:37.820  7112  7112 W SoLoader: Initializing SoLoader: 0
02-16 21:57:37.821  7112  7112 W SoLoader: Recording new base apk path: /data/app/~~3RNUaFRRGM0kQcKevq9F9A==/com.danylo.oliveira.servicoapp-QG7ZFAce5KhvY8axv4EgyQ==/base.apk
02-16 21:57:37.821  7112  7112 W SoLoader: Previously recorded 0 base apk paths.
02-16 21:57:37.821  7112  7112 I SoLoader: Preparing SO source: DirectorySoSource[root = /vendor/lib64 flags = 2]
02-16 21:57:37.821  7112  7112 I SoLoader: Preparing SO source: DirectorySoSource[root = /system/lib64 flags = 2]
02-16 21:57:37.821  7112  7112 I SoLoader: Preparing SO source: DirectApkSoSource[root = [/data/app/~~3RNUaFRRGM0kQcKevq9F9A==/com.danylo.oliveira.servicoapp-QG7ZFAce5KhvY8axv4EgyQ==/base.apk!/lib/x86_64]]
02-16 21:57:37.823  7112  7112 I SoLoader: Preparing SO source: ApplicationSoSource[DirectorySoSource[root = /data/app/~~3RNUaFRRGM0kQcKevq9F9A==/com.danylo.oliveira.servicoapp-QG7ZFAce5KhvY8axv4EgyQ==/lib/x86_64 flags = 0]]
02-16 21:57:37.823  7112  7112 I SoLoader: init finish: 4 SO sources prepared
02-16 21:57:37.823  7112  7112 W SoLoader: SoLoader initialized: 8
02-16 21:57:37.828  7112  7112 D nativeloader: Load /data/app/~~3RNUaFRRGM0kQcKevq9F9A==/com.danylo.oliveira.servicoapp-QG7ZFAce5KhvY8axv4EgyQ==/base.apk!/lib/x86_64/libc++_shared.so using class loader ns clns-9 (caller=/data/app/~~3RNUaFRRGM0kQcKevq9F9A==/com.danylo.oliveira.servicoapp-QG7ZFAce5KhvY8axv4EgyQ==/base.apk!classes2.dex): ok
02-16 21:57:37.830  7112  7112 D nativeloader: Load /data/app/~~3RNUaFRRGM0kQcKevq9F9A==/com.danylo.oliveira.servicoapp-QG7ZFAce5KhvY8axv4EgyQ==/base.apk!/lib/x86_64/libjsi.so using class loader ns clns-9 (caller=/data/app/~~3RNUaFRRGM0kQcKevq9F9A==/com.danylo.oliveira.servicoapp-QG7ZFAce5KhvY8axv4EgyQ==/base.apk!classes2.dex): ok
02-16 21:57:37.832  7112  7112 D nativeloader: Load /data/app/~~3RNUaFRRGM0kQcKevq9F9A==/com.danylo.oliveira.servicoapp-QG7ZFAce5KhvY8axv4EgyQ==/base.apk!/lib/x86_64/libfbjni.so using class loader ns clns-9 (caller=/data/app/~~3RNUaFRRGM0kQcKevq9F9A==/com.danylo.oliveira.servicoapp-QG7ZFAce5KhvY8axv4EgyQ==/base.apk!classes2.dex): ok
02-16 21:57:37.834  7112  7112 D nativeloader: Load /data/app/~~3RNUaFRRGM0kQcKevq9F9A==/com.danylo.oliveira.servicoapp-QG7ZFAce5KhvY8axv4EgyQ==/base.apk!/lib/x86_64/libreactnative.so using class loader ns clns-9 (caller=/data/app/~~3RNUaFRRGM0kQcKevq9F9A==/com.danylo.oliveira.servicoapp-QG7ZFAce5KhvY8axv4EgyQ==/base.apk!classes2.dex): ok
02-16 21:57:37.834  7112  7112 D jni_lib_merge: Entering merged library JNI_OnLoad.
02-16 21:57:37.834  7112  7112 D jni_lib_merge: Preparing 12 pre-merged libs (including stub)
02-16 21:57:37.834  7112  7112 D jni_lib_merge: Preparing to register libfabricjni_so.  onload_func: 0x79fe33ab2ba0
02-16 21:57:37.834  7112  7112 D jni_lib_merge: Preparing to register libreact_devsupportjni_so.  onload_func: 0x79fe33b8e530
02-16 21:57:37.834  7112  7112 D jni_lib_merge: Preparing to register libreact_featureflagsjni_so.  onload_func: 0x79fe33ba10a0
02-16 21:57:37.834  7112  7112 D jni_lib_merge: Preparing to register libreact_newarchdefaults_so.  onload_func: 0x79fe33bc7fa0
02-16 21:57:37.834  7112  7112 D jni_lib_merge: Preparing to register libreactnativeblob_so.  onload_func: 0x79fe33c6fa50
02-16 21:57:37.834  7112  7112 D jni_lib_merge: Preparing to register libreactnativejni_so.  onload_func: 0x79fe33c8a8c0
02-16 21:57:37.834  7112  7112 D jni_lib_merge: Preparing to register libreactnativejni_common_so.  onload_func: 0x79fe33c91150
02-16 21:57:37.834  7112  7112 D jni_lib_merge: Preparing to register librninstance_so.  onload_func: 0x79fe33caf450
02-16 21:57:37.834  7112  7112 D jni_lib_merge: Preparing to register libturbomodulejsijni_so.  onload_func: 0x79fe33d5ab80
02-16 21:57:37.834  7112  7112 D jni_lib_merge: Preparing to register libuimanagerjni_so.  onload_func: 0x79fe33d62ab0
02-16 21:57:37.834  7112  7112 D jni_lib_merge: Preparing to register libyoga_so.  onload_func: 0x79fe33d6a130
02-16 21:57:37.834  7112  7112 D jni_lib_merge: About to register 11 actual methods.
02-16 21:57:37.838  7112  7112 D nativeloader: Load /data/app/~~3RNUaFRRGM0kQcKevq9F9A==/com.danylo.oliveira.servicoapp-QG7ZFAce5KhvY8axv4EgyQ==/base.apk!/lib/x86_64/libreact_codegen_rnscreens.so using class loader ns clns-9 (caller=/data/app/~~3RNUaFRRGM0kQcKevq9F9A==/com.danylo.oliveira.servicoapp-QG7ZFAce5KhvY8axv4EgyQ==/base.apk!classes2.dex): ok
02-16 21:57:37.838  7112  7112 D jni_lib_merge: Entering merged library JNI_OnLoad.
02-16 21:57:37.838  7112  7112 D jni_lib_merge: Preparing 12 pre-merged libs (including stub)
02-16 21:57:37.838  7112  7112 D jni_lib_merge: Preparing to register libfabricjni_so.  onload_func: 0x79fe33ab2ba0
02-16 21:57:37.838  7112  7112 D jni_lib_merge: Preparing to register libreact_devsupportjni_so.  onload_func: 0x79fe33b8e530
02-16 21:57:37.838  7112  7112 D jni_lib_merge: Preparing to register libreact_featureflagsjni_so.  onload_func: 0x79fe33ba10a0
02-16 21:57:37.838  7112  7112 D jni_lib_merge: Preparing to register libreact_newarchdefaults_so.  onload_func: 0x79fe33bc7fa0
02-16 21:57:37.838  7112  7112 D jni_lib_merge: Preparing to register libreactnativeblob_so.  onload_func: 0x79fe33c6fa50
02-16 21:57:37.838  7112  7112 D jni_lib_merge: Preparing to register libreactnativejni_so.  onload_func: 0x79fe33c8a8c0
02-16 21:57:37.838  7112  7112 D jni_lib_merge: Preparing to register libreactnativejni_common_so.  onload_func: 0x79fe33c91150
02-16 21:57:37.838  7112  7112 D jni_lib_merge: Preparing to register librninstance_so.  onload_func: 0x79fe33caf450
02-16 21:57:37.838  7112  7112 D jni_lib_merge: Preparing to register libturbomodulejsijni_so.  onload_func: 0x79fe33d5ab80
02-16 21:57:37.838  7112  7112 D jni_lib_merge: Preparing to register libuimanagerjni_so.  onload_func: 0x79fe33d62ab0
02-16 21:57:37.838  7112  7112 D jni_lib_merge: Preparing to register libyoga_so.  onload_func: 0x79fe33d6a130
02-16 21:57:37.838  7112  7112 D jni_lib_merge: About to register 11 actual methods.
02-16 21:57:37.840  7112  7112 D nativeloader: Load /data/app/~~3RNUaFRRGM0kQcKevq9F9A==/com.danylo.oliveira.servicoapp-QG7ZFAce5KhvY8axv4EgyQ==/base.apk!/lib/x86_64/libreact_codegen_safeareacontext.so using class loader ns clns-9 (caller=/data/app/~~3RNUaFRRGM0kQcKevq9F9A==/com.danylo.oliveira.servicoapp-QG7ZFAce5KhvY8axv4EgyQ==/base.apk!classes2.dex): ok
02-16 21:57:37.841  7112  7112 D nativeloader: Load /data/app/~~3RNUaFRRGM0kQcKevq9F9A==/com.danylo.oliveira.servicoapp-QG7ZFAce5KhvY8axv4EgyQ==/base.apk!/lib/x86_64/libappmodules.so using class loader ns clns-9 (caller=/data/app/~~3RNUaFRRGM0kQcKevq9F9A==/com.danylo.oliveira.servicoapp-QG7ZFAce5KhvY8axv4EgyQ==/base.apk!classes2.dex): ok
02-16 21:57:37.854  7112  7125 I InstrConnection: Could not send broadcast or register receiver (isolatedProcess?)
02-16 21:57:37.858  7112  7125 D TestRequestBuilder: Using class path scanning to discover tests
02-16 21:57:37.858  7112  7125 I TestRequestBuilder: Scanning classpath to find tests in paths [/data/app/~~7_2zuZguk080tBCHebL1_g==/com.danylo.oliveira.servicoapp.test-l7OMI1tt7hYKUe5lp-9a1A==/base.apk]
02-16 21:57:37.859  7112  7125 W eira.servicoapp: Opening an oat file without a class loader. Are you using the deprecated DexFile APIs?
02-16 21:57:38.017  7112  7125 I TestRunner: run started: 1 tests
02-16 21:57:38.017  7112  7125 I TestRunner: started: runDetoxTests(com.danylo.oliveira.servicoapp.DetoxTest)
02-16 21:57:38.022  7112  7125 I Detox   : Detox server connection details: url=ws://localhost:53907, sessionId=d61a1645-fafd-2fa9-1e8b-b5f0a887a155
02-16 21:57:38.024  7112  7125 I Tracing : Tracer added: class androidx.test.platform.tracing.AndroidXTracer
02-16 21:57:38.029  7112  7125 I Detox   : Connecting to server...
02-16 21:57:38.029  7112  7125 I DetoxWSClient: At connectToServer
02-16 21:57:41.042  7112  7145 D DetoxWSClient: Retrying...
02-16 21:57:41.042  7112  7145 I DetoxWSClient: At connectToServer
02-16 21:57:43.369  7112  7154 D ProfileInstaller: Installing profile for com.danylo.oliveira.servicoapp
02-16 21:57:44.045  7112  7149 D DetoxWSClient: Retrying...
02-16 21:57:44.045  7112  7149 I DetoxWSClient: At connectToServer
02-16 21:57:47.049  7112  7155 D DetoxWSClient: Retrying...
02-16 21:57:47.049  7112  7155 I DetoxWSClient: At connectToServer
02-16 21:57:50.052  7112  7157 D DetoxWSClient: Retrying...
02-16 21:57:50.052  7112  7157 I DetoxWSClient: At connectToServer
02-16 21:57:53.055  7112  7159 D DetoxWSClient: Retrying...
02-16 21:57:53.055  7112  7159 I DetoxWSClient: At connectToServer
02-16 21:57:56.058  7112  7163 D DetoxWSClient: Retrying...
02-16 21:57:56.058  7112  7163 I DetoxWSClient: At connectToServer
02-16 21:57:59.061  7112  7165 D DetoxWSClient: Retrying...
02-16 21:57:59.061  7112  7165 I DetoxWSClient: At connectToServer
02-16 21:58:02.064  7112  7167 D DetoxWSClient: Retrying...
02-16 21:58:02.064  7112  7167 I DetoxWSClient: At connectToServer
02-16 21:58:05.067  7112  7169 D DetoxWSClient: Retrying...
02-16 21:58:05.067  7112  7169 I DetoxWSClient: At connectToServer
02-16 21:58:08.070  7112  7171 D DetoxWSClient: Retrying...
02-16 21:58:08.070  7112  7171 I DetoxWSClient: At connectToServer
02-16 21:58:11.073  7112  7173 D DetoxWSClient: Retrying...
02-16 21:58:11.073  7112  7173 I DetoxWSClient: At connectToServer
02-16 21:58:14.076  7112  7178 D DetoxWSClient: Retrying...
02-16 21:58:14.077  7112  7178 I DetoxWSClient: At connectToServer
02-16 21:58:17.079  7112  7180 D DetoxWSClient: Retrying...
02-16 21:58:17.080  7112  7180 I DetoxWSClient: At connectToServer
02-16 21:58:20.082  7112  7182 D DetoxWSClient: Retrying...
02-16 21:58:20.082  7112  7182 I DetoxWSClient: At connectToServer
02-16 21:58:23.085  7112  7184 D DetoxWSClient: Retrying...
02-16 21:58:23.085  7112  7184 I DetoxWSClient: At connectToServer
02-16 21:58:26.088  7112  7186 D DetoxWSClient: Retrying...
02-16 21:58:26.088  7112  7186 I DetoxWSClient: At connectToServer
02-16 21:58:29.092  7112  7188 D DetoxWSClient: Retrying...
02-16 21:58:29.092  7112  7188 I DetoxWSClient: At connectToServer
02-16 21:58:32.095  7112  7190 D DetoxWSClient: Retrying...
02-16 21:58:32.095  7112  7190 I DetoxWSClient: At connectToServer
02-16 21:58:35.099  7112  7192 D DetoxWSClient: Retrying...
02-16 21:58:35.099  7112  7192 I DetoxWSClient: At connectToServer
02-16 21:58:38.103  7112  7194 D DetoxWSClient: Retrying...
02-16 21:58:38.103  7112  7194 I DetoxWSClient: At connectToServer
02-16 21:58:41.107  7112  7196 D DetoxWSClient: Retrying...
02-16 21:58:41.107  7112  7196 I DetoxWSClient: At connectToServer
02-16 21:58:44.111  7112  7198 D DetoxWSClient: Retrying...
02-16 21:58:44.111  7112  7198 I DetoxWSClient: At connectToServer
02-16 21:58:47.114  7112  7200 D DetoxWSClient: Retrying...
02-16 21:58:47.114  7112  7200 I DetoxWSClient: At connectToServer
02-16 21:58:50.118  7112  7202 D DetoxWSClient: Retrying...
02-16 21:58:50.118  7112  7202 I DetoxWSClient: At connectToServer
02-16 21:58:53.122  7112  7204 D DetoxWSClient: Retrying...
02-16 21:58:53.122  7112  7204 I DetoxWSClient: At connectToServer
02-16 21:58:56.126  7112  7206 D DetoxWSClient: Retrying...
02-16 21:58:56.126  7112  7206 I DetoxWSClient: At connectToServer
02-16 21:58:59.128  7112  7208 D DetoxWSClient: Retrying...
02-16 21:58:59.129  7112  7208 I DetoxWSClient: At connectToServer
02-16 21:59:02.133  7112  7214 D DetoxWSClient: Retrying...
02-16 21:59:02.133  7112  7214 I DetoxWSClient: At connectToServer
02-16 21:59:05.135  7112  7216 D DetoxWSClient: Retrying...
02-16 21:59:05.135  7112  7216 I DetoxWSClient: At connectToServer
02-16 21:59:08.139  7112  7218 D DetoxWSC